  Main_IOCP.cpp
C:\Users\H87M-P33\Desktop\IOCP\Chosun_IOCP_Server\Packetdll\CommonClass.h(103,23): warning C4251: 'cCharactersInfo::players': class 'std::map<int,cCharacter,std::less<int>,std::allocator<std::pair<const int,cCharacter>>>'에서는 class 'cCharactersInfo'의 클라이언트에서 DLL 인터페이스를 사용하도록 지정해야 합니다.
C:\Users\H87M-P33\Desktop\IOCP\Chosun_IOCP_Server\Packetdll\CommonClass.h(103): message : 'std::map<int,cCharacter,std::less<int>,std::allocator<std::pair<const int,cCharacter>>>' 선언을 참조하십시오.
C:\Users\H87M-P33\Desktop\IOCP\Chosun_IOCP_Server\Main_IOCP.cpp(120,7): warning C4101: 'nResult' :참조되지 않은 지역 변수입니다.
C:\Users\H87M-P33\Desktop\IOCP\Chosun_IOCP_Server\Main_IOCP.cpp(123,8): warning C4101: 'sendBytes' :참조되지 않은 지역 변수입니다.
C:\Users\H87M-P33\Desktop\IOCP\Chosun_IOCP_Server\Main_IOCP.cpp(191,11): warning C4477: 'printf_s' : 서식 문자열 '%s'에 'char *' 형식의 인수가 필요하지만 variadic 인수 1의 형식이 'std::string'입니다.
C:\Users\H87M-P33\Desktop\IOCP\Chosun_IOCP_Server\Main_IOCP.cpp(191,11): warning C4477: 'printf_s' : 서식 문자열 '%s'에 'char *' 형식의 인수가 필요하지만 variadic 인수 2의 형식이 'std::string'입니다.
C:\Users\H87M-P33\Desktop\IOCP\Chosun_IOCP_Server\Main_IOCP.cpp(212,11): warning C4477: 'printf_s' : 서식 문자열 '%s'에 'char *' 형식의 인수가 필요하지만 variadic 인수 1의 형식이 'std::string'입니다.
C:\Users\H87M-P33\Desktop\IOCP\Chosun_IOCP_Server\Main_IOCP.cpp(212,11): warning C4477: 'printf_s' : 서식 문자열 '%s'에 'char *' 형식의 인수가 필요하지만 variadic 인수 2의 형식이 'std::string'입니다.
DBConnector.obj : error LNK2019: _mysql_init@4"public: bool __thiscall DBConnector::Connect(class std::basic_string<char,struct std::char_traits<char>,class std::allocator<char> > const &,class std::basic_string<char,struct std::char_traits<char>,class std::allocator<char> > const &,class std::basic_string<char,struct std::char_traits<char>,class std::allocator<char> > const &,class std::basic_string<char,struct std::char_traits<char>,class std::allocator<char> > const &,int const &)" (?Connect@DBConnector@@QAE_NABV?$basic_string@DU?$char_traits@D@std@@V?$allocator@D@2@@std@@000ABH@Z) 함수에서 참조되는 확인할 수 없는 외부 기호
DBConnector.obj : error LNK2019: _mysql_real_connect@32"public: bool __thiscall DBConnector::Connect(class std::basic_string<char,struct std::char_traits<char>,class std::allocator<char> > const &,class std::basic_string<char,struct std::char_traits<char>,class std::allocator<char> > const &,class std::basic_string<char,struct std::char_traits<char>,class std::allocator<char> > const &,class std::basic_string<char,struct std::char_traits<char>,class std::allocator<char> > const &,int const &)" (?Connect@DBConnector@@QAE_NABV?$basic_string@DU?$char_traits@D@std@@V?$allocator@D@2@@std@@000ABH@Z) 함수에서 참조되는 확인할 수 없는 외부 기호
DBConnector.obj : error LNK2019: _mysql_query@8"public: bool __thiscall DBConnector::SearchAccount(class std::basic_string<char,struct std::char_traits<char>,class std::allocator<char> > const &,class std::basic_string<char,struct std::char_traits<char>,class std::allocator<char> > const &)" (?SearchAccount@DBConnector@@QAE_NABV?$basic_string@DU?$char_traits@D@std@@V?$allocator@D@2@@std@@0@Z) 함수에서 참조되는 확인할 수 없는 외부 기호
DBConnector.obj : error LNK2019: _mysql_use_result@4"public: bool __thiscall DBConnector::SearchAccount(class std::basic_string<char,struct std::char_traits<char>,class std::allocator<char> > const &,class std::basic_string<char,struct std::char_traits<char>,class std::allocator<char> > const &)" (?SearchAccount@DBConnector@@QAE_NABV?$basic_string@DU?$char_traits@D@std@@V?$allocator@D@2@@std@@0@Z) 함수에서 참조되는 확인할 수 없는 외부 기호
DBConnector.obj : error LNK2019: _mysql_free_result@4"public: bool __thiscall DBConnector::SearchAccount(class std::basic_string<char,struct std::char_traits<char>,class std::allocator<char> > const &,class std::basic_string<char,struct std::char_traits<char>,class std::allocator<char> > const &)" (?SearchAccount@DBConnector@@QAE_NABV?$basic_string@DU?$char_traits@D@std@@V?$allocator@D@2@@std@@0@Z) 함수에서 참조되는 확인할 수 없는 외부 기호
DBConnector.obj : error LNK2019: _mysql_fetch_row@4"public: bool __thiscall DBConnector::SearchAccount(class std::basic_string<char,struct std::char_traits<char>,class std::allocator<char> > const &,class std::basic_string<char,struct std::char_traits<char>,class std::allocator<char> > const &)" (?SearchAccount@DBConnector@@QAE_NABV?$basic_string@DU?$char_traits@D@std@@V?$allocator@D@2@@std@@0@Z) 함수에서 참조되는 확인할 수 없는 외부 기호
DBConnector.obj : error LNK2019: _mysql_close@4"public: void __thiscall DBConnector::Close(void)" (?Close@DBConnector@@QAEXXZ) 함수에서 참조되는 확인할 수 없는 외부 기호
Main_IOCP.obj : error LNK2019: "__declspec(dllimport) public: __thiscall cCharactersInfo::cCharactersInfo(void)" (__imp_??0cCharactersInfo@@QAE@XZ)"void __cdecl `dynamic initializer for 'private: static class cCharactersInfo MainIOCP::CharactersInfo''(void)" (??__E?CharactersInfo@MainIOCP@@0VcCharactersInfo@@A@@YAXXZ) 함수에서 참조되는 확인할 수 없는 외부 기호
Main_IOCP.obj : error LNK2019: "__declspec(dllimport) public: __thiscall cCharactersInfo::~cCharactersInfo(void)" (__imp_??1cCharactersInfo@@QAE@XZ)"void __cdecl `dynamic atexit destructor for 'private: static class cCharactersInfo MainIOCP::CharactersInfo''(void)" (??__F?CharactersInfo@MainIOCP@@0VcCharactersInfo@@A@@YAXXZ) 함수에서 참조되는 확인할 수 없는 외부 기호
C:\Program Files\MySQL\MySQL Server 8.0\lib\libmysql.lib : warning LNK4272: 'x64' 라이브러리 컴퓨터 종류가 'x86' 대상 컴퓨터 종류와 충돌합니다.
C:\Users\H87M-P33\Desktop\IOCP\Chosun_IOCP_Server\Debug\Chosun_IOCP_Server.exe : fatal error LNK1120: 9개의 확인할 수 없는 외부 참조입니다.
